{"C:\\Users\\HP\\Desktop\\bookstore\\reactapp\\src\\App.js": {"path":"C:\\Users\\HP\\Desktop\\bookstore\\reactapp\\src\\App.js","statementMap":{"0":{"start":{"line":11,"column":12},"end":{"line":108,"column":1}},"1":{"start":{"line":13,"column":2},"end":{"line":13,"column":20}},"2":{"start":{"line":14,"column":18},"end":{"line":14,"column":30}},"3":{"start":{"line":18,"column":28},"end":{"line":24,"column":4}},"4":{"start":{"line":26,"column":2},"end":{"line":46,"column":8}},"5":{"start":{"line":28,"column":4},"end":{"line":45,"column":5}},"6":{"start":{"line":29,"column":6},"end":{"line":29,"column":39}},"7":{"start":{"line":30,"column":6},"end":{"line":30,"column":43}},"8":{"start":{"line":31,"column":6},"end":{"line":31,"column":39}},"9":{"start":{"line":32,"column":6},"end":{"line":32,"column":50}},"10":{"start":{"line":34,"column":6},"end":{"line":34,"column":37}},"11":{"start":{"line":35,"column":6},"end":{"line":43,"column":7}},"12":{"start":{"line":36,"column":8},"end":{"line":42,"column":10}},"13":{"start":{"line":44,"column":6},"end":{"line":44,"column":160}},"14":{"start":{"line":48,"column":23},"end":{"line":58,"column":3}},"15":{"start":{"line":49,"column":20},"end":{"line":49,"column":38}},"16":{"start":{"line":50,"column":4},"end":{"line":50,"column":39}},"17":{"start":{"line":51,"column":4},"end":{"line":51,"column":45}},"18":{"start":{"line":52,"column":4},"end":{"line":52,"column":34}},"19":{"start":{"line":54,"column":4},"end":{"line":54,"column":44}},"20":{"start":{"line":55,"column":4},"end":{"line":55,"column":39}},"21":{"start":{"line":56,"column":4},"end":{"line":56,"column":49}},"22":{"start":{"line":57,"column":4},"end":{"line":57,"column":24}},"23":{"start":{"line":60,"column":17},"end":{"line":70,"column":3}},"24":{"start":{"line":62,"column":4},"end":{"line":62,"column":62}},"25":{"start":{"line":64,"column":20},"end":{"line":64,"column":38}},"26":{"start":{"line":65,"column":4},"end":{"line":65,"column":36}},"27":{"start":{"line":66,"column":4},"end":{"line":66,"column":44}},"28":{"start":{"line":67,"column":4},"end":{"line":67,"column":34}},"29":{"start":{"line":68,"column":4},"end":{"line":68,"column":24}},"30":{"start":{"line":69,"column":4},"end":{"line":69,"column":25}},"31":{"start":{"line":72,"column":17},"end":{"line":99,"column":3}},"32":{"start":{"line":73,"column":4},"end":{"line":98,"column":5}},"33":{"start":{"line":74,"column":6},"end":{"line":77,"column":8}},"34":{"start":{"line":78,"column":11},"end":{"line":98,"column":5}},"35":{"start":{"line":79,"column":6},"end":{"line":82,"column":8}},"36":{"start":{"line":83,"column":11},"end":{"line":98,"column":5}},"37":{"start":{"line":84,"column":6},"end":{"line":87,"column":8}},"38":{"start":{"line":88,"column":11},"end":{"line":98,"column":5}},"39":{"start":{"line":89,"column":6},"end":{"line":92,"column":8}},"40":{"start":{"line":94,"column":6},"end":{"line":97,"column":8}},"41":{"start":{"line":101,"column":2},"end":{"line":107,"column":5}}},"fnMap":{"0":{"name":"(anonymous_0)","decl":{"start":{"line":11,"column":12},"end":{"line":11,"column":13}},"loc":{"start":{"line":11,"column":23},"end":{"line":108,"column":1}},"line":11},"1":{"name":"(anonymous_1)","decl":{"start":{"line":26,"column":12},"end":{"line":26,"column":13}},"loc":{"start":{"line":26,"column":18},"end":{"line":46,"column":3}},"line":26},"2":{"name":"(anonymous_2)","decl":{"start":{"line":48,"column":23},"end":{"line":48,"column":24}},"loc":{"start":{"line":48,"column":55},"end":{"line":58,"column":3}},"line":48},"3":{"name":"(anonymous_3)","decl":{"start":{"line":60,"column":17},"end":{"line":60,"column":18}},"loc":{"start":{"line":60,"column":23},"end":{"line":70,"column":3}},"line":60},"4":{"name":"(anonymous_4)","decl":{"start":{"line":72,"column":17},"end":{"line":72,"column":18}},"loc":{"start":{"line":72,"column":38},"end":{"line":99,"column":3}},"line":72}},"branchMap":{"0":{"loc":{"start":{"line":28,"column":4},"end":{"line":45,"column":5}},"type":"if","locations":[{"start":{"line":28,"column":4},"end":{"line":45,"column":5}},{"start":{"line":33,"column":11},"end":{"line":45,"column":5}}],"line":28},"1":{"loc":{"start":{"line":35,"column":6},"end":{"line":43,"column":7}},"type":"if","locations":[{"start":{"line":35,"column":6},"end":{"line":43,"column":7}},{"start":{},"end":{}}],"line":35},"2":{"loc":{"start":{"line":48,"column":37},"end":{"line":48,"column":50}},"type":"default-arg","locations":[{"start":{"line":48,"column":46},"end":{"line":48,"column":50}}],"line":48},"3":{"loc":{"start":{"line":73,"column":4},"end":{"line":98,"column":5}},"type":"if","locations":[{"start":{"line":73,"column":4},"end":{"line":98,"column":5}},{"start":{"line":78,"column":11},"end":{"line":98,"column":5}}],"line":73},"4":{"loc":{"start":{"line":78,"column":11},"end":{"line":98,"column":5}},"type":"if","locations":[{"start":{"line":78,"column":11},"end":{"line":98,"column":5}},{"start":{"line":83,"column":11},"end":{"line":98,"column":5}}],"line":78},"5":{"loc":{"start":{"line":83,"column":11},"end":{"line":98,"column":5}},"type":"if","locations":[{"start":{"line":83,"column":11},"end":{"line":98,"column":5}},{"start":{"line":88,"column":11},"end":{"line":98,"column":5}}],"line":83},"6":{"loc":{"start":{"line":88,"column":11},"end":{"line":98,"column":5}},"type":"if","locations":[{"start":{"line":88,"column":11},"end":{"line":98,"column":5}},{"start":{"line":93,"column":11},"end":{"line":98,"column":5}}],"line":88}},"s":{"0":1,"1":1,"2":1,"3":1,"4":1,"5":1,"6":1,"7":1,"8":1,"9":1,"10":0,"11":0,"12":0,"13":0,"14":1,"15":0,"16":0,"17":0,"18":0,"19":0,"20":0,"21":0,"22":0,"23":1,"24":0,"25":0,"26":0,"27":0,"28":0,"29":0,"30":0,"31":1,"32":0,"33":0,"34":0,"35":0,"36":0,"37":0,"38":0,"39":0,"40":0,"41":1},"f":{"0":1,"1":1,"2":0,"3":0,"4":0},"b":{"0":[1,0],"1":[0,0],"2":[0],"3":[0,0],"4":[0,0],"5":[0,0],"6":[0,0]},"_coverageSchema":"1a1c01bbd47fc00a2c39e90264f33305004495a9","hash":"c76322dc29cd1e6a38234a5e8ef44a39c9c86672"}
,"C:\\Users\\HP\\Desktop\\bookstore\\reactapp\\src\\index.js": {"path":"C:\\Users\\HP\\Desktop\\bookstore\\reactapp\\src\\index.js","statementMap":{"0":{"start":{"line":9,"column":0},"end":{"line":16,"column":2}},"1":{"start":{"line":21,"column":0},"end":{"line":21,"column":18}}},"fnMap":{},"branchMap":{},"s":{"0":0,"1":0},"f":{},"b":{}}
,"C:\\Users\\HP\\Desktop\\bookstore\\reactapp\\src\\test.js": {"path":"C:\\Users\\HP\\Desktop\\bookstore\\reactapp\\src\\test.js","statementMap":{},"fnMap":{},"branchMap":{},"s":{},"f":{},"b":{}}
,"C:\\Users\\HP\\Desktop\\bookstore\\reactapp\\src\\Components\\API\\api.jsx": {"path":"C:\\Users\\HP\\Desktop\\bookstore\\reactapp\\src\\Components\\API\\api.jsx","statementMap":{"0":{"start":{"line":1,"column":16},"end":{"line":1,"column":40}},"1":{"start":{"line":2,"column":17},"end":{"line":5,"column":1}},"2":{"start":{"line":4,"column":4},"end":{"line":4,"column":19}}},"fnMap":{"0":{"name":"(anonymous_0)","decl":{"start":{"line":2,"column":17},"end":{"line":2,"column":18}},"loc":{"start":{"line":3,"column":0},"end":{"line":5,"column":1}},"line":3}},"branchMap":{},"s":{"0":1,"1":1,"2":6},"f":{"0":6},"b":{},"_coverageSchema":"1a1c01bbd47fc00a2c39e90264f33305004495a9","hash":"29079cd11ccda5dbf0fa8bbfc606cc7a853d4d45"}
,"C:\\Users\\HP\\Desktop\\bookstore\\reactapp\\src\\Components\\AddProduct\\AddProduct.jsx": {"path":"C:\\Users\\HP\\Desktop\\bookstore\\reactapp\\src\\Components\\AddProduct\\AddProduct.jsx","statementMap":{"0":{"start":{"line":9,"column":19},"end":{"line":86,"column":1}},"1":{"start":{"line":11,"column":23},"end":{"line":17,"column":5}},"2":{"start":{"line":19,"column":30},"end":{"line":19,"column":50}},"3":{"start":{"line":21,"column":24},"end":{"line":21,"column":47}},"4":{"start":{"line":23,"column":28},"end":{"line":31,"column":5}},"5":{"start":{"line":24,"column":21},"end":{"line":24,"column":48}},"6":{"start":{"line":25,"column":22},"end":{"line":25,"column":47}},"7":{"start":{"line":27,"column":24},"end":{"line":27,"column":34}},"8":{"start":{"line":28,"column":8},"end":{"line":28,"column":32}},"9":{"start":{"line":30,"column":8},"end":{"line":30,"column":28}},"10":{"start":{"line":33,"column":28},"end":{"line":46,"column":5}},"11":{"start":{"line":34,"column":8},"end":{"line":34,"column":27}},"12":{"start":{"line":35,"column":26},"end":{"line":35,"column":44}},"13":{"start":{"line":37,"column":8},"end":{"line":45,"column":10}},"14":{"start":{"line":39,"column":12},"end":{"line":44,"column":13}},"15":{"start":{"line":40,"column":16},"end":{"line":40,"column":76}},"16":{"start":{"line":41,"column":16},"end":{"line":41,"column":37}},"17":{"start":{"line":43,"column":16},"end":{"line":43,"column":68}},"18":{"start":{"line":49,"column":4},"end":{"line":85,"column":5}}},"fnMap":{"0":{"name":"(anonymous_0)","decl":{"start":{"line":9,"column":19},"end":{"line":9,"column":20}},"loc":{"start":{"line":9,"column":28},"end":{"line":86,"column":1}},"line":9},"1":{"name":"(anonymous_1)","decl":{"start":{"line":23,"column":28},"end":{"line":23,"column":29}},"loc":{"start":{"line":23,"column":35},"end":{"line":31,"column":5}},"line":23},"2":{"name":"(anonymous_2)","decl":{"start":{"line":33,"column":28},"end":{"line":33,"column":29}},"loc":{"start":{"line":33,"column":35},"end":{"line":46,"column":5}},"line":33},"3":{"name":"(anonymous_3)","decl":{"start":{"line":38,"column":14},"end":{"line":38,"column":15}},"loc":{"start":{"line":38,"column":21},"end":{"line":45,"column":9}},"line":38}},"branchMap":{"0":{"loc":{"start":{"line":39,"column":12},"end":{"line":44,"column":13}},"type":"if","locations":[{"start":{"line":39,"column":12},"end":{"line":44,"column":13}},{"start":{"line":42,"column":19},"end":{"line":44,"column":13}}],"line":39}},"s":{"0":1,"1":1,"2":1,"3":1,"4":1,"5":0,"6":0,"7":0,"8":0,"9":0,"10":1,"11":0,"12":0,"13":0,"14":0,"15":0,"16":0,"17":0,"18":1},"f":{"0":1,"1":0,"2":0,"3":0},"b":{"0":[0,0]},"_coverageSchema":"1a1c01bbd47fc00a2c39e90264f33305004495a9","hash":"9182c989dd2089ccfe0006a26c06e7771745bee6"}
,"C:\\Users\\HP\\Desktop\\bookstore\\reactapp\\src\\Components\\Authentication\\AuthContext.jsx": {"path":"C:\\Users\\HP\\Desktop\\bookstore\\reactapp\\src\\Components\\Authentication\\AuthContext.jsx","statementMap":{"0":{"start":{"line":3,"column":20},"end":{"line":3,"column":43}}},"fnMap":{},"branchMap":{},"s":{"0":1},"f":{},"b":{},"_coverageSchema":"1a1c01bbd47fc00a2c39e90264f33305004495a9","hash":"d03bfc6e79535e5b24953a64cb0718e5a08aef73"}
,"C:\\Users\\HP\\Desktop\\bookstore\\reactapp\\src\\Components\\Cart\\Cart.jsx": {"path":"C:\\Users\\HP\\Desktop\\bookstore\\reactapp\\src\\Components\\Cart\\Cart.jsx","statementMap":{"0":{"start":{"line":7,"column":13},"end":{"line":93,"column":1}},"1":{"start":{"line":9,"column":30},"end":{"line":11,"column":6}},"2":{"start":{"line":13,"column":34},"end":{"line":13,"column":48}},"3":{"start":{"line":15,"column":24},"end":{"line":15,"column":47}},"4":{"start":{"line":17,"column":24},"end":{"line":17,"column":46}},"5":{"start":{"line":19,"column":23},"end":{"line":24,"column":5}},"6":{"start":{"line":20,"column":8},"end":{"line":23,"column":10}},"7":{"start":{"line":22,"column":12},"end":{"line":22,"column":48}},"8":{"start":{"line":22,"column":36},"end":{"line":22,"column":46}},"9":{"start":{"line":26,"column":22},"end":{"line":45,"column":5}},"10":{"start":{"line":28,"column":30},"end":{"line":28,"column":58}},"11":{"start":{"line":30,"column":8},"end":{"line":34,"column":10}},"12":{"start":{"line":31,"column":12},"end":{"line":31,"column":39}},"13":{"start":{"line":32,"column":12},"end":{"line":32,"column":31}},"14":{"start":{"line":33,"column":12},"end":{"line":33,"column":24}},"15":{"start":{"line":36,"column":8},"end":{"line":39,"column":10}},"16":{"start":{"line":38,"column":13},"end":{"line":38,"column":20}},"17":{"start":{"line":40,"column":8},"end":{"line":44,"column":18}},"18":{"start":{"line":42,"column":20},"end":{"line":42,"column":56}},"19":{"start":{"line":43,"column":20},"end":{"line":43,"column":55}},"20":{"start":{"line":43,"column":44},"end":{"line":43,"column":54}},"21":{"start":{"line":47,"column":4},"end":{"line":56,"column":7}},"22":{"start":{"line":48,"column":8},"end":{"line":55,"column":10}},"23":{"start":{"line":50,"column":12},"end":{"line":54,"column":13}},"24":{"start":{"line":51,"column":16},"end":{"line":53,"column":18}},"25":{"start":{"line":58,"column":4},"end":{"line":92,"column":7}},"26":{"start":{"line":75,"column":36},"end":{"line":82,"column":37}},"27":{"start":{"line":80,"column":94},"end":{"line":80,"column":117}}},"fnMap":{"0":{"name":"(anonymous_0)","decl":{"start":{"line":7,"column":13},"end":{"line":7,"column":14}},"loc":{"start":{"line":7,"column":24},"end":{"line":93,"column":1}},"line":7},"1":{"name":"(anonymous_1)","decl":{"start":{"line":19,"column":23},"end":{"line":19,"column":24}},"loc":{"start":{"line":19,"column":36},"end":{"line":24,"column":5}},"line":19},"2":{"name":"(anonymous_2)","decl":{"start":{"line":21,"column":14},"end":{"line":21,"column":15}},"loc":{"start":{"line":21,"column":21},"end":{"line":23,"column":9}},"line":21},"3":{"name":"(anonymous_3)","decl":{"start":{"line":22,"column":23},"end":{"line":22,"column":24}},"loc":{"start":{"line":22,"column":36},"end":{"line":22,"column":46}},"line":22},"4":{"name":"(anonymous_4)","decl":{"start":{"line":26,"column":22},"end":{"line":26,"column":23}},"loc":{"start":{"line":26,"column":28},"end":{"line":45,"column":5}},"line":26},"5":{"name":"(anonymous_5)","decl":{"start":{"line":30,"column":26},"end":{"line":30,"column":27}},"loc":{"start":{"line":30,"column":34},"end":{"line":34,"column":9}},"line":30},"6":{"name":"(anonymous_6)","decl":{"start":{"line":37,"column":14},"end":{"line":37,"column":15}},"loc":{"start":{"line":37,"column":21},"end":{"line":39,"column":9}},"line":37},"7":{"name":"(anonymous_7)","decl":{"start":{"line":41,"column":22},"end":{"line":41,"column":23}},"loc":{"start":{"line":41,"column":29},"end":{"line":44,"column":17}},"line":41},"8":{"name":"(anonymous_8)","decl":{"start":{"line":43,"column":31},"end":{"line":43,"column":32}},"loc":{"start":{"line":43,"column":44},"end":{"line":43,"column":54}},"line":43},"9":{"name":"(anonymous_9)","decl":{"start":{"line":47,"column":14},"end":{"line":47,"column":15}},"loc":{"start":{"line":47,"column":20},"end":{"line":56,"column":5}},"line":47},"10":{"name":"(anonymous_10)","decl":{"start":{"line":49,"column":14},"end":{"line":49,"column":15}},"loc":{"start":{"line":49,"column":21},"end":{"line":55,"column":9}},"line":49},"11":{"name":"(anonymous_11)","decl":{"start":{"line":74,"column":52},"end":{"line":74,"column":53}},"loc":{"start":{"line":74,"column":60},"end":{"line":83,"column":33}},"line":74},"12":{"name":"(anonymous_12)","decl":{"start":{"line":80,"column":88},"end":{"line":80,"column":89}},"loc":{"start":{"line":80,"column":94},"end":{"line":80,"column":117}},"line":80}},"branchMap":{"0":{"loc":{"start":{"line":50,"column":12},"end":{"line":54,"column":13}},"type":"if","locations":[{"start":{"line":50,"column":12},"end":{"line":54,"column":13}},{"start":{},"end":{}}],"line":50},"1":{"loc":{"start":{"line":72,"column":29},"end":{"line":72,"column":120}},"type":"binary-expr","locations":[{"start":{"line":72,"column":29},"end":{"line":72,"column":57}},{"start":{"line":72,"column":61},"end":{"line":72,"column":120}}],"line":72}},"s":{"0":1,"1":2,"2":1,"3":1,"4":1,"5":1,"6":0,"7":0,"8":0,"9":1,"10":0,"11":0,"12":0,"13":0,"14":0,"15":0,"16":0,"17":0,"18":0,"19":0,"20":0,"21":1,"22":1,"23":0,"24":0,"25":1,"26":0,"27":0},"f":{"0":2,"1":0,"2":0,"3":0,"4":0,"5":0,"6":0,"7":0,"8":0,"9":1,"10":0,"11":0,"12":0},"b":{"0":[0,0],"1":[1,1]},"_coverageSchema":"1a1c01bbd47fc00a2c39e90264f33305004495a9","hash":"351819dee59f8256539d5a6bd7399d3feb6c8708"}
,"C:\\Users\\HP\\Desktop\\bookstore\\reactapp\\src\\Components\\EditProduct\\EditProduct.jsx": {"path":"C:\\Users\\HP\\Desktop\\bookstore\\reactapp\\src\\Components\\EditProduct\\EditProduct.jsx","statementMap":{"0":{"start":{"line":10,"column":20},"end":{"line":117,"column":1}},"1":{"start":{"line":12,"column":38},"end":{"line":12,"column":50}},"2":{"start":{"line":14,"column":23},"end":{"line":20,"column":5}},"3":{"start":{"line":22,"column":30},"end":{"line":22,"column":50}},"4":{"start":{"line":24,"column":24},"end":{"line":24,"column":47}},"5":{"start":{"line":26,"column":28},"end":{"line":34,"column":5}},"6":{"start":{"line":27,"column":21},"end":{"line":27,"column":48}},"7":{"start":{"line":28,"column":22},"end":{"line":28,"column":47}},"8":{"start":{"line":30,"column":24},"end":{"line":30,"column":34}},"9":{"start":{"line":31,"column":8},"end":{"line":31,"column":32}},"10":{"start":{"line":33,"column":8},"end":{"line":33,"column":28}},"11":{"start":{"line":36,"column":28},"end":{"line":49,"column":5}},"12":{"start":{"line":37,"column":8},"end":{"line":37,"column":27}},"13":{"start":{"line":38,"column":26},"end":{"line":38,"column":44}},"14":{"start":{"line":40,"column":8},"end":{"line":48,"column":10}},"15":{"start":{"line":42,"column":12},"end":{"line":47,"column":13}},"16":{"start":{"line":43,"column":16},"end":{"line":43,"column":77}},"17":{"start":{"line":44,"column":16},"end":{"line":44,"column":45}},"18":{"start":{"line":46,"column":16},"end":{"line":46,"column":70}},"19":{"start":{"line":51,"column":4},"end":{"line":76,"column":11}},"20":{"start":{"line":53,"column":8},"end":{"line":56,"column":9}},"21":{"start":{"line":54,"column":12},"end":{"line":54,"column":61}},"22":{"start":{"line":55,"column":12},"end":{"line":55,"column":42}},"23":{"start":{"line":58,"column":8},"end":{"line":73,"column":9}},"24":{"start":{"line":59,"column":12},"end":{"line":59,"column":38}},"25":{"start":{"line":62,"column":35},"end":{"line":62,"column":75}},"26":{"start":{"line":64,"column":12},"end":{"line":70,"column":15}},"27":{"start":{"line":72,"column":12},"end":{"line":72,"column":51}},"28":{"start":{"line":80,"column":4},"end":{"line":116,"column":5}}},"fnMap":{"0":{"name":"(anonymous_0)","decl":{"start":{"line":10,"column":20},"end":{"line":10,"column":21}},"loc":{"start":{"line":10,"column":29},"end":{"line":117,"column":1}},"line":10},"1":{"name":"(anonymous_1)","decl":{"start":{"line":26,"column":28},"end":{"line":26,"column":29}},"loc":{"start":{"line":26,"column":35},"end":{"line":34,"column":5}},"line":26},"2":{"name":"(anonymous_2)","decl":{"start":{"line":36,"column":28},"end":{"line":36,"column":29}},"loc":{"start":{"line":36,"column":35},"end":{"line":49,"column":5}},"line":36},"3":{"name":"(anonymous_3)","decl":{"start":{"line":41,"column":14},"end":{"line":41,"column":15}},"loc":{"start":{"line":41,"column":21},"end":{"line":48,"column":9}},"line":41},"4":{"name":"(anonymous_4)","decl":{"start":{"line":51,"column":14},"end":{"line":51,"column":15}},"loc":{"start":{"line":51,"column":20},"end":{"line":76,"column":5}},"line":51}},"branchMap":{"0":{"loc":{"start":{"line":42,"column":12},"end":{"line":47,"column":13}},"type":"if","locations":[{"start":{"line":42,"column":12},"end":{"line":47,"column":13}},{"start":{"line":45,"column":19},"end":{"line":47,"column":13}}],"line":42},"1":{"loc":{"start":{"line":53,"column":8},"end":{"line":56,"column":9}},"type":"if","locations":[{"start":{"line":53,"column":8},"end":{"line":56,"column":9}},{"start":{},"end":{}}],"line":53},"2":{"loc":{"start":{"line":58,"column":8},"end":{"line":73,"column":9}},"type":"if","locations":[{"start":{"line":58,"column":8},"end":{"line":73,"column":9}},{"start":{"line":60,"column":15},"end":{"line":73,"column":9}}],"line":58}},"s":{"0":1,"1":2,"2":2,"3":2,"4":2,"5":2,"6":0,"7":0,"8":0,"9":0,"10":0,"11":2,"12":0,"13":0,"14":0,"15":0,"16":0,"17":0,"18":0,"19":2,"20":2,"21":2,"22":2,"23":2,"24":0,"25":2,"26":2,"27":2,"28":2},"f":{"0":2,"1":0,"2":0,"3":0,"4":2},"b":{"0":[0,0],"1":[2,0],"2":[0,2]},"_coverageSchema":"1a1c01bbd47fc00a2c39e90264f33305004495a9","hash":"b883fc761ec38ed9f78e397b28d5e8eca24dd219"}
,"C:\\Users\\HP\\Desktop\\bookstore\\reactapp\\src\\Components\\Home\\Home.jsx": {"path":"C:\\Users\\HP\\Desktop\\bookstore\\reactapp\\src\\Components\\Home\\Home.jsx","statementMap":{"0":{"start":{"line":2,"column":12},"end":{"line":2,"column":16}},"1":{"start":{"line":4,"column":8},"end":{"line":8,"column":11}}},"fnMap":{"0":{"name":"(anonymous_0)","decl":{"start":{"line":3,"column":4},"end":{"line":3,"column":5}},"loc":{"start":{"line":3,"column":13},"end":{"line":9,"column":5}},"line":3}},"branchMap":{},"s":{"0":0,"1":0},"f":{"0":0},"b":{}}
,"C:\\Users\\HP\\Desktop\\bookstore\\reactapp\\src\\Components\\Login\\Login.jsx": {"path":"C:\\Users\\HP\\Desktop\\bookstore\\reactapp\\src\\Components\\Login\\Login.jsx","statementMap":{"0":{"start":{"line":9,"column":14},"end":{"line":129,"column":1}},"1":{"start":{"line":11,"column":24},"end":{"line":11,"column":47}},"2":{"start":{"line":12,"column":4},"end":{"line":12,"column":28}},"3":{"start":{"line":15,"column":30},"end":{"line":19,"column":6}},"4":{"start":{"line":21,"column":40},"end":{"line":21,"column":52}},"5":{"start":{"line":22,"column":46},"end":{"line":22,"column":58}},"6":{"start":{"line":24,"column":4},"end":{"line":28,"column":5}},"7":{"start":{"line":25,"column":8},"end":{"line":26,"column":85}},"8":{"start":{"line":26,"column":12},"end":{"line":26,"column":85}},"9":{"start":{"line":27,"column":8},"end":{"line":27,"column":33}},"10":{"start":{"line":30,"column":26},"end":{"line":50,"column":5}},"11":{"start":{"line":31,"column":8},"end":{"line":49,"column":9}},"12":{"start":{"line":32,"column":12},"end":{"line":32,"column":51}},"13":{"start":{"line":33,"column":12},"end":{"line":38,"column":14}},"14":{"start":{"line":34,"column":16},"end":{"line":37,"column":17}},"15":{"start":{"line":39,"column":15},"end":{"line":49,"column":9}},"16":{"start":{"line":40,"column":12},"end":{"line":40,"column":38}},"17":{"start":{"line":41,"column":12},"end":{"line":41,"column":62}},"18":{"start":{"line":42,"column":12},"end":{"line":42,"column":46}},"19":{"start":{"line":43,"column":12},"end":{"line":48,"column":15}},"20":{"start":{"line":44,"column":16},"end":{"line":47,"column":17}},"21":{"start":{"line":53,"column":28},"end":{"line":71,"column":5}},"22":{"start":{"line":54,"column":8},"end":{"line":54,"column":27}},"23":{"start":{"line":55,"column":26},"end":{"line":55,"column":36}},"24":{"start":{"line":58,"column":8},"end":{"line":70,"column":11}},"25":{"start":{"line":60,"column":12},"end":{"line":66,"column":13}},"26":{"start":{"line":61,"column":16},"end":{"line":61,"column":72}},"27":{"start":{"line":62,"column":16},"end":{"line":62,"column":66}},"28":{"start":{"line":63,"column":16},"end":{"line":63,"column":45}},"29":{"start":{"line":65,"column":16},"end":{"line":65,"column":64}},"30":{"start":{"line":69,"column":12},"end":{"line":69,"column":64}},"31":{"start":{"line":73,"column":21},"end":{"line":80,"column":5}},"32":{"start":{"line":74,"column":8},"end":{"line":79,"column":10}},"33":{"start":{"line":75,"column":12},"end":{"line":78,"column":13}},"34":{"start":{"line":82,"column":28},"end":{"line":102,"column":5}},"35":{"start":{"line":83,"column":21},"end":{"line":83,"column":48}},"36":{"start":{"line":84,"column":22},"end":{"line":84,"column":47}},"37":{"start":{"line":86,"column":24},"end":{"line":86,"column":34}},"38":{"start":{"line":87,"column":8},"end":{"line":87,"column":32}},"39":{"start":{"line":88,"column":8},"end":{"line":88,"column":34}},"40":{"start":{"line":90,"column":8},"end":{"line":90,"column":28}},"41":{"start":{"line":92,"column":8},"end":{"line":100,"column":9}},"42":{"start":{"line":93,"column":12},"end":{"line":99,"column":13}},"43":{"start":{"line":94,"column":16},"end":{"line":94,"column":40}},"44":{"start":{"line":95,"column":19},"end":{"line":99,"column":13}},"45":{"start":{"line":96,"column":16},"end":{"line":96,"column":45}},"46":{"start":{"line":97,"column":19},"end":{"line":99,"column":13}},"47":{"start":{"line":98,"column":16},"end":{"line":98,"column":43}},"48":{"start":{"line":105,"column":4},"end":{"line":128,"column":7}}},"fnMap":{"0":{"name":"(anonymous_0)","decl":{"start":{"line":9,"column":14},"end":{"line":9,"column":15}},"loc":{"start":{"line":9,"column":25},"end":{"line":129,"column":1}},"line":9},"1":{"name":"(anonymous_1)","decl":{"start":{"line":30,"column":26},"end":{"line":30,"column":27}},"loc":{"start":{"line":30,"column":34},"end":{"line":50,"column":5}},"line":30},"2":{"name":"(anonymous_2)","decl":{"start":{"line":33,"column":21},"end":{"line":33,"column":22}},"loc":{"start":{"line":33,"column":34},"end":{"line":38,"column":13}},"line":33},"3":{"name":"(anonymous_3)","decl":{"start":{"line":43,"column":21},"end":{"line":43,"column":22}},"loc":{"start":{"line":43,"column":34},"end":{"line":48,"column":13}},"line":43},"4":{"name":"(anonymous_4)","decl":{"start":{"line":53,"column":28},"end":{"line":53,"column":29}},"loc":{"start":{"line":53,"column":35},"end":{"line":71,"column":5}},"line":53},"5":{"name":"(anonymous_5)","decl":{"start":{"line":59,"column":14},"end":{"line":59,"column":15}},"loc":{"start":{"line":59,"column":21},"end":{"line":67,"column":9}},"line":59},"6":{"name":"(anonymous_6)","decl":{"start":{"line":68,"column":15},"end":{"line":68,"column":16}},"loc":{"start":{"line":68,"column":22},"end":{"line":70,"column":9}},"line":68},"7":{"name":"(anonymous_7)","decl":{"start":{"line":73,"column":21},"end":{"line":73,"column":22}},"loc":{"start":{"line":73,"column":30},"end":{"line":80,"column":5}},"line":73},"8":{"name":"(anonymous_8)","decl":{"start":{"line":74,"column":17},"end":{"line":74,"column":18}},"loc":{"start":{"line":74,"column":30},"end":{"line":79,"column":9}},"line":74},"9":{"name":"(anonymous_9)","decl":{"start":{"line":82,"column":28},"end":{"line":82,"column":29}},"loc":{"start":{"line":82,"column":35},"end":{"line":102,"column":5}},"line":82}},"branchMap":{"0":{"loc":{"start":{"line":24,"column":4},"end":{"line":28,"column":5}},"type":"if","locations":[{"start":{"line":24,"column":4},"end":{"line":28,"column":5}},{"start":{},"end":{}}],"line":24},"1":{"loc":{"start":{"line":25,"column":8},"end":{"line":26,"column":85}},"type":"if","locations":[{"start":{"line":25,"column":8},"end":{"line":26,"column":85}},{"start":{},"end":{}}],"line":25},"2":{"loc":{"start":{"line":31,"column":8},"end":{"line":49,"column":9}},"type":"if","locations":[{"start":{"line":31,"column":8},"end":{"line":49,"column":9}},{"start":{"line":39,"column":15},"end":{"line":49,"column":9}}],"line":31},"3":{"loc":{"start":{"line":31,"column":11},"end":{"line":31,"column":112}},"type":"binary-expr","locations":[{"start":{"line":31,"column":11},"end":{"line":31,"column":58}},{"start":{"line":31,"column":62},"end":{"line":31,"column":112}}],"line":31},"4":{"loc":{"start":{"line":39,"column":15},"end":{"line":49,"column":9}},"type":"if","locations":[{"start":{"line":39,"column":15},"end":{"line":49,"column":9}},{"start":{},"end":{}}],"line":39},"5":{"loc":{"start":{"line":39,"column":18},"end":{"line":39,"column":119}},"type":"binary-expr","locations":[{"start":{"line":39,"column":18},"end":{"line":39,"column":65}},{"start":{"line":39,"column":69},"end":{"line":39,"column":119}}],"line":39},"6":{"loc":{"start":{"line":60,"column":12},"end":{"line":66,"column":13}},"type":"if","locations":[{"start":{"line":60,"column":12},"end":{"line":66,"column":13}},{"start":{"line":64,"column":20},"end":{"line":66,"column":13}}],"line":60},"7":{"loc":{"start":{"line":92,"column":8},"end":{"line":100,"column":9}},"type":"if","locations":[{"start":{"line":92,"column":8},"end":{"line":100,"column":9}},{"start":{},"end":{}}],"line":92},"8":{"loc":{"start":{"line":93,"column":12},"end":{"line":99,"column":13}},"type":"if","locations":[{"start":{"line":93,"column":12},"end":{"line":99,"column":13}},{"start":{"line":95,"column":19},"end":{"line":99,"column":13}}],"line":93},"9":{"loc":{"start":{"line":95,"column":19},"end":{"line":99,"column":13}},"type":"if","locations":[{"start":{"line":95,"column":19},"end":{"line":99,"column":13}},{"start":{"line":97,"column":19},"end":{"line":99,"column":13}}],"line":95},"10":{"loc":{"start":{"line":95,"column":22},"end":{"line":95,"column":59}},"type":"binary-expr","locations":[{"start":{"line":95,"column":22},"end":{"line":95,"column":39}},{"start":{"line":95,"column":43},"end":{"line":95,"column":59}}],"line":95},"11":{"loc":{"start":{"line":97,"column":19},"end":{"line":99,"column":13}},"type":"if","locations":[{"start":{"line":97,"column":19},"end":{"line":99,"column":13}},{"start":{},"end":{}}],"line":97},"12":{"loc":{"start":{"line":113,"column":75},"end":{"line":113,"column":154}},"type":"cond-expr","locations":[{"start":{"line":113,"column":96},"end":{"line":113,"column":144}},{"start":{"line":113,"column":147},"end":{"line":113,"column":154}}],"line":113},"13":{"loc":{"start":{"line":113,"column":96},"end":{"line":113,"column":144}},"type":"cond-expr","locations":[{"start":{"line":113,"column":124},"end":{"line":113,"column":133}},{"start":{"line":113,"column":136},"end":{"line":113,"column":144}}],"line":113}},"s":{"0":1,"1":3,"2":3,"3":3,"4":3,"5":3,"6":3,"7":0,"8":0,"9":0,"10":3,"11":0,"12":0,"13":0,"14":0,"15":0,"16":0,"17":0,"18":0,"19":0,"20":0,"21":3,"22":0,"23":0,"24":0,"25":0,"26":0,"27":0,"28":0,"29":0,"30":0,"31":3,"32":0,"33":0,"34":3,"35":2,"36":2,"37":2,"38":2,"39":2,"40":2,"41":2,"42":0,"43":0,"44":0,"45":0,"46":0,"47":0,"48":3},"f":{"0":3,"1":0,"2":0,"3":0,"4":0,"5":0,"6":0,"7":0,"8":0,"9":2},"b":{"0":[0,3],"1":[0,0],"2":[0,0],"3":[0,0],"4":[0,0],"5":[0,0],"6":[0,0],"7":[0,2],"8":[0,0],"9":[0,0],"10":[0,0],"11":[0,0],"12":[3,0],"13":[1,2]},"_coverageSchema":"1a1c01bbd47fc00a2c39e90264f33305004495a9","hash":"b64aaadef224df7a8875432c451c91f2278557aa"}
,"C:\\Users\\HP\\Desktop\\bookstore\\reactapp\\src\\Components\\Logout\\Logout.jsx": {"path":"C:\\Users\\HP\\Desktop\\bookstore\\reactapp\\src\\Components\\Logout\\Logout.jsx","statementMap":{"0":{"start":{"line":7,"column":12},"end":{"line":9,"column":5}},"1":{"start":{"line":12,"column":8},"end":{"line":12,"column":28}},"2":{"start":{"line":13,"column":8},"end":{"line":15,"column":10}},"3":{"start":{"line":14,"column":12},"end":{"line":14,"column":66}},"4":{"start":{"line":18,"column":13},"end":{"line":21,"column":5}},"5":{"start":{"line":20,"column":8},"end":{"line":20,"column":34}}},"fnMap":{"0":{"name":"(anonymous_0)","decl":{"start":{"line":11,"column":4},"end":{"line":11,"column":5}},"loc":{"start":{"line":11,"column":24},"end":{"line":16,"column":5}},"line":11},"1":{"name":"(anonymous_1)","decl":{"start":{"line":13,"column":22},"end":{"line":13,"column":23}},"loc":{"start":{"line":13,"column":35},"end":{"line":15,"column":9}},"line":13},"2":{"name":"(anonymous_2)","decl":{"start":{"line":18,"column":13},"end":{"line":18,"column":14}},"loc":{"start":{"line":18,"column":18},"end":{"line":21,"column":5}},"line":18}},"branchMap":{"0":{"loc":{"start":{"line":14,"column":31},"end":{"line":14,"column":65}},"type":"cond-expr","locations":[{"start":{"line":14,"column":53},"end":{"line":14,"column":58}},{"start":{"line":14,"column":61},"end":{"line":14,"column":65}}],"line":14}},"s":{"0":0,"1":0,"2":0,"3":0,"4":0,"5":0},"f":{"0":0,"1":0,"2":0},"b":{"0":[0,0]},"_coverageSchema":"1a1c01bbd47fc00a2c39e90264f33305004495a9","hash":"01d7b8c47f19357129fff4392eba8dd88b3cfb7d"}
,"C:\\Users\\HP\\Desktop\\bookstore\\reactapp\\src\\Components\\Navbar\\Navbar.jsx": {"path":"C:\\Users\\HP\\Desktop\\bookstore\\reactapp\\src\\Components\\Navbar\\Navbar.jsx","statementMap":{"0":{"start":{"line":16,"column":15},"end":{"line":81,"column":1}},"1":{"start":{"line":18,"column":24},"end":{"line":18,"column":47}},"2":{"start":{"line":19,"column":4},"end":{"line":19,"column":29}},"3":{"start":{"line":21,"column":4},"end":{"line":23,"column":6}},"4":{"start":{"line":22,"column":8},"end":{"line":22,"column":38}},"5":{"start":{"line":25,"column":4},"end":{"line":79,"column":7}},"6":{"start":{"line":49,"column":177},"end":{"line":49,"column":181}},"7":{"start":{"line":69,"column":70},"end":{"line":69,"column":92}},"8":{"start":{"line":70,"column":55},"end":{"line":70,"column":64}},"9":{"start":{"line":71,"column":56},"end":{"line":71,"column":66}},"10":{"start":{"line":72,"column":71},"end":{"line":72,"column":86}},"11":{"start":{"line":73,"column":64},"end":{"line":73,"column":72}},"12":{"start":{"line":74,"column":76},"end":{"line":74,"column":90}},"13":{"start":{"line":75,"column":72},"end":{"line":75,"column":82}}},"fnMap":{"0":{"name":"(anonymous_0)","decl":{"start":{"line":16,"column":15},"end":{"line":16,"column":16}},"loc":{"start":{"line":16,"column":26},"end":{"line":81,"column":1}},"line":16},"1":{"name":"(anonymous_1)","decl":{"start":{"line":21,"column":14},"end":{"line":21,"column":15}},"loc":{"start":{"line":21,"column":20},"end":{"line":23,"column":5}},"line":21},"2":{"name":"(anonymous_2)","decl":{"start":{"line":49,"column":171},"end":{"line":49,"column":172}},"loc":{"start":{"line":49,"column":177},"end":{"line":49,"column":181}},"line":49},"3":{"name":"(anonymous_3)","decl":{"start":{"line":69,"column":64},"end":{"line":69,"column":65}},"loc":{"start":{"line":69,"column":70},"end":{"line":69,"column":92}},"line":69},"4":{"name":"(anonymous_4)","decl":{"start":{"line":70,"column":49},"end":{"line":70,"column":50}},"loc":{"start":{"line":70,"column":55},"end":{"line":70,"column":64}},"line":70},"5":{"name":"(anonymous_5)","decl":{"start":{"line":71,"column":50},"end":{"line":71,"column":51}},"loc":{"start":{"line":71,"column":56},"end":{"line":71,"column":66}},"line":71},"6":{"name":"(anonymous_6)","decl":{"start":{"line":72,"column":65},"end":{"line":72,"column":66}},"loc":{"start":{"line":72,"column":71},"end":{"line":72,"column":86}},"line":72},"7":{"name":"(anonymous_7)","decl":{"start":{"line":73,"column":58},"end":{"line":73,"column":59}},"loc":{"start":{"line":73,"column":64},"end":{"line":73,"column":72}},"line":73},"8":{"name":"(anonymous_8)","decl":{"start":{"line":74,"column":70},"end":{"line":74,"column":71}},"loc":{"start":{"line":74,"column":76},"end":{"line":74,"column":90}},"line":74},"9":{"name":"(anonymous_9)","decl":{"start":{"line":75,"column":66},"end":{"line":75,"column":67}},"loc":{"start":{"line":75,"column":72},"end":{"line":75,"column":82}},"line":75}},"branchMap":{"0":{"loc":{"start":{"line":40,"column":37},"end":{"line":40,"column":187}},"type":"binary-expr","locations":[{"start":{"line":40,"column":38},"end":{"line":40,"column":77}},{"start":{"line":40,"column":82},"end":{"line":40,"column":187}}],"line":40},"1":{"loc":{"start":{"line":49,"column":111},"end":{"line":49,"column":181}},"type":"cond-expr","locations":[{"start":{"line":49,"column":150},"end":{"line":49,"column":168}},{"start":{"line":49,"column":171},"end":{"line":49,"column":181}}],"line":49},"2":{"loc":{"start":{"line":49,"column":196},"end":{"line":49,"column":253}},"type":"cond-expr","locations":[{"start":{"line":49,"column":235},"end":{"line":49,"column":243}},{"start":{"line":49,"column":246},"end":{"line":49,"column":253}}],"line":49},"3":{"loc":{"start":{"line":52,"column":37},"end":{"line":52,"column":215}},"type":"binary-expr","locations":[{"start":{"line":52,"column":38},"end":{"line":52,"column":76}},{"start":{"line":52,"column":80},"end":{"line":52,"column":119}},{"start":{"line":52,"column":123},"end":{"line":52,"column":215}}],"line":52}},"s":{"0":1,"1":4,"2":4,"3":4,"4":4,"5":4,"6":0,"7":4,"8":0,"9":0,"10":0,"11":0,"12":0,"13":0},"f":{"0":4,"1":4,"2":0,"3":4,"4":0,"5":0,"6":0,"7":0,"8":0,"9":0},"b":{"0":[4,1],"1":[2,2],"2":[2,2],"3":[4,3,2]},"_coverageSchema":"1a1c01bbd47fc00a2c39e90264f33305004495a9","hash":"119de69babfbcfef0333c6e200c04204a9acfe9f"}
,"C:\\Users\\HP\\Desktop\\bookstore\\reactapp\\src\\Components\\Orders\\Orders.jsx": {"path":"C:\\Users\\HP\\Desktop\\bookstore\\reactapp\\src\\Components\\Orders\\Orders.jsx","statementMap":{"0":{"start":{"line":6,"column":15},"end":{"line":70,"column":1}},"1":{"start":{"line":8,"column":30},"end":{"line":10,"column":6}},"2":{"start":{"line":12,"column":34},"end":{"line":12,"column":48}},"3":{"start":{"line":14,"column":24},"end":{"line":14,"column":47}},"4":{"start":{"line":16,"column":24},"end":{"line":16,"column":46}},"5":{"start":{"line":18,"column":4},"end":{"line":25,"column":6}},"6":{"start":{"line":19,"column":8},"end":{"line":24,"column":10}},"7":{"start":{"line":21,"column":12},"end":{"line":23,"column":13}},"8":{"start":{"line":22,"column":16},"end":{"line":22,"column":46}},"9":{"start":{"line":27,"column":21},"end":{"line":33,"column":5}},"10":{"start":{"line":28,"column":8},"end":{"line":32,"column":10}},"11":{"start":{"line":30,"column":12},"end":{"line":30,"column":67}},"12":{"start":{"line":31,"column":12},"end":{"line":31,"column":48}},"13":{"start":{"line":31,"column":36},"end":{"line":31,"column":46}},"14":{"start":{"line":35,"column":23},"end":{"line":49,"column":6}},"15":{"start":{"line":37,"column":8},"end":{"line":47,"column":9}},"16":{"start":{"line":52,"column":4},"end":{"line":69,"column":7}}},"fnMap":{"0":{"name":"(anonymous_0)","decl":{"start":{"line":6,"column":15},"end":{"line":6,"column":16}},"loc":{"start":{"line":6,"column":26},"end":{"line":70,"column":1}},"line":6},"1":{"name":"(anonymous_1)","decl":{"start":{"line":18,"column":14},"end":{"line":18,"column":15}},"loc":{"start":{"line":18,"column":20},"end":{"line":25,"column":5}},"line":18},"2":{"name":"(anonymous_2)","decl":{"start":{"line":20,"column":14},"end":{"line":20,"column":15}},"loc":{"start":{"line":20,"column":21},"end":{"line":24,"column":9}},"line":20},"3":{"name":"(anonymous_3)","decl":{"start":{"line":27,"column":21},"end":{"line":27,"column":22}},"loc":{"start":{"line":27,"column":27},"end":{"line":33,"column":5}},"line":27},"4":{"name":"(anonymous_4)","decl":{"start":{"line":29,"column":14},"end":{"line":29,"column":15}},"loc":{"start":{"line":29,"column":21},"end":{"line":32,"column":9}},"line":29},"5":{"name":"(anonymous_5)","decl":{"start":{"line":31,"column":23},"end":{"line":31,"column":24}},"loc":{"start":{"line":31,"column":36},"end":{"line":31,"column":46}},"line":31},"6":{"name":"(anonymous_6)","decl":{"start":{"line":35,"column":40},"end":{"line":35,"column":41}},"loc":{"start":{"line":35,"column":49},"end":{"line":49,"column":5}},"line":35}},"branchMap":{"0":{"loc":{"start":{"line":21,"column":12},"end":{"line":23,"column":13}},"type":"if","locations":[{"start":{"line":21,"column":12},"end":{"line":23,"column":13}},{"start":{},"end":{}}],"line":21},"1":{"loc":{"start":{"line":55,"column":17},"end":{"line":55,"column":91}},"type":"binary-expr","locations":[{"start":{"line":55,"column":17},"end":{"line":55,"column":40}},{"start":{"line":55,"column":44},"end":{"line":55,"column":91}}],"line":55},"2":{"loc":{"start":{"line":58,"column":22},"end":{"line":61,"column":30}},"type":"binary-expr","locations":[{"start":{"line":58,"column":23},"end":{"line":58,"column":62}},{"start":{"line":58,"column":66},"end":{"line":58,"column":89}},{"start":{"line":59,"column":24},"end":{"line":61,"column":30}}],"line":58},"3":{"loc":{"start":{"line":64,"column":21},"end":{"line":64,"column":126}},"type":"cond-expr","locations":[{"start":{"line":64,"column":47},"end":{"line":64,"column":113}},{"start":{"line":64,"column":116},"end":{"line":64,"column":126}}],"line":64}},"s":{"0":1,"1":1,"2":1,"3":1,"4":1,"5":1,"6":1,"7":0,"8":0,"9":1,"10":0,"11":0,"12":0,"13":0,"14":1,"15":0,"16":1},"f":{"0":1,"1":1,"2":0,"3":0,"4":0,"5":0,"6":0},"b":{"0":[0,0],"1":[1,0],"2":[1,1,0],"3":[1,0]},"_coverageSchema":"1a1c01bbd47fc00a2c39e90264f33305004495a9","hash":"bda656d9dd756f52ccec0f393a2e0f610df3b82b"}
,"C:\\Users\\HP\\Desktop\\bookstore\\reactapp\\src\\Components\\PrivateRoute\\PrivateRoute.jsx": {"path":"C:\\Users\\HP\\Desktop\\bookstore\\reactapp\\src\\Components\\PrivateRoute\\PrivateRoute.jsx","statementMap":{"0":{"start":{"line":6,"column":21},"end":{"line":19,"column":3}},"1":{"start":{"line":8,"column":24},"end":{"line":8,"column":47}},"2":{"start":{"line":9,"column":4},"end":{"line":9,"column":29}},"3":{"start":{"line":11,"column":4},"end":{"line":18,"column":17}},"4":{"start":{"line":12,"column":14},"end":{"line":17,"column":21}}},"fnMap":{"0":{"name":"(anonymous_0)","decl":{"start":{"line":6,"column":21},"end":{"line":6,"column":22}},"loc":{"start":{"line":6,"column":60},"end":{"line":19,"column":3}},"line":6},"1":{"name":"(anonymous_1)","decl":{"start":{"line":11,"column":36},"end":{"line":11,"column":37}},"loc":{"start":{"line":12,"column":14},"end":{"line":17,"column":21}},"line":12}},"branchMap":{"0":{"loc":{"start":{"line":12,"column":14},"end":{"line":17,"column":21}},"type":"cond-expr","locations":[{"start":{"line":13,"column":18},"end":{"line":13,"column":41}},{"start":{"line":14,"column":18},"end":{"line":17,"column":21}}],"line":12}},"s":{"0":1,"1":0,"2":0,"3":0,"4":0},"f":{"0":0,"1":0},"b":{"0":[0,0]},"_coverageSchema":"1a1c01bbd47fc00a2c39e90264f33305004495a9","hash":"25a708e10b46ecef652152b38ce9591c2c2dacf2"}
,"C:\\Users\\HP\\Desktop\\bookstore\\reactapp\\src\\Components\\Products\\Products.jsx": {"path":"C:\\Users\\HP\\Desktop\\bookstore\\reactapp\\src\\Components\\Products\\Products.jsx","statementMap":{"0":{"start":{"line":11,"column":17},"end":{"line":104,"column":1}},"1":{"start":{"line":12,"column":30},"end":{"line":14,"column":6}},"2":{"start":{"line":16,"column":34},"end":{"line":16,"column":48}},"3":{"start":{"line":19,"column":24},"end":{"line":19,"column":47}},"4":{"start":{"line":21,"column":4},"end":{"line":26,"column":6}},"5":{"start":{"line":22,"column":8},"end":{"line":25,"column":10}},"6":{"start":{"line":24,"column":12},"end":{"line":24,"column":43}},"7":{"start":{"line":28,"column":24},"end":{"line":58,"column":5}},"8":{"start":{"line":28,"column":35},"end":{"line":58,"column":5}},"9":{"start":{"line":30,"column":8},"end":{"line":34,"column":9}},"10":{"start":{"line":31,"column":12},"end":{"line":31,"column":56}},"11":{"start":{"line":32,"column":12},"end":{"line":32,"column":95}},"12":{"start":{"line":33,"column":12},"end":{"line":33,"column":19}},"13":{"start":{"line":35,"column":8},"end":{"line":35,"column":42}},"14":{"start":{"line":37,"column":23},"end":{"line":43,"column":9}},"15":{"start":{"line":45,"column":8},"end":{"line":56,"column":10}},"16":{"start":{"line":47,"column":12},"end":{"line":54,"column":13}},"17":{"start":{"line":48,"column":16},"end":{"line":48,"column":52}},"18":{"start":{"line":49,"column":16},"end":{"line":49,"column":106}},"19":{"start":{"line":51,"column":19},"end":{"line":54,"column":13}},"20":{"start":{"line":52,"column":16},"end":{"line":52,"column":90}},"21":{"start":{"line":53,"column":16},"end":{"line":53,"column":52}},"22":{"start":{"line":53,"column":40},"end":{"line":53,"column":50}},"23":{"start":{"line":60,"column":28},"end":{"line":69,"column":5}},"24":{"start":{"line":61,"column":8},"end":{"line":68,"column":10}},"25":{"start":{"line":63,"column":12},"end":{"line":63,"column":37}},"26":{"start":{"line":64,"column":12},"end":{"line":64,"column":96}},"27":{"start":{"line":65,"column":12},"end":{"line":67,"column":15}},"28":{"start":{"line":66,"column":16},"end":{"line":66,"column":33}},"29":{"start":{"line":71,"column":25},"end":{"line":73,"column":5}},"30":{"start":{"line":72,"column":8},"end":{"line":72,"column":68}},"31":{"start":{"line":75,"column":25},"end":{"line":94,"column":6}},"32":{"start":{"line":76,"column":8},"end":{"line":93,"column":9}},"33":{"start":{"line":86,"column":36},"end":{"line":86,"column":58}},"34":{"start":{"line":87,"column":38},"end":{"line":87,"column":62}},"35":{"start":{"line":88,"column":39},"end":{"line":88,"column":59}},"36":{"start":{"line":91,"column":66},"end":{"line":91,"column":81}},"37":{"start":{"line":96,"column":4},"end":{"line":102,"column":5}}},"fnMap":{"0":{"name":"(anonymous_0)","decl":{"start":{"line":11,"column":17},"end":{"line":11,"column":18}},"loc":{"start":{"line":11,"column":26},"end":{"line":104,"column":1}},"line":11},"1":{"name":"(anonymous_1)","decl":{"start":{"line":21,"column":14},"end":{"line":21,"column":15}},"loc":{"start":{"line":21,"column":20},"end":{"line":26,"column":5}},"line":21},"2":{"name":"(anonymous_2)","decl":{"start":{"line":23,"column":14},"end":{"line":23,"column":15}},"loc":{"start":{"line":23,"column":21},"end":{"line":25,"column":9}},"line":23},"3":{"name":"(anonymous_3)","decl":{"start":{"line":28,"column":24},"end":{"line":28,"column":25}},"loc":{"start":{"line":28,"column":35},"end":{"line":58,"column":5}},"line":28},"4":{"name":"(anonymous_4)","decl":{"start":{"line":28,"column":35},"end":{"line":28,"column":36}},"loc":{"start":{"line":28,"column":41},"end":{"line":58,"column":5}},"line":28},"5":{"name":"(anonymous_5)","decl":{"start":{"line":46,"column":14},"end":{"line":46,"column":15}},"loc":{"start":{"line":46,"column":21},"end":{"line":56,"column":9}},"line":46},"6":{"name":"(anonymous_6)","decl":{"start":{"line":53,"column":27},"end":{"line":53,"column":28}},"loc":{"start":{"line":53,"column":40},"end":{"line":53,"column":50}},"line":53},"7":{"name":"(anonymous_7)","decl":{"start":{"line":60,"column":28},"end":{"line":60,"column":29}},"loc":{"start":{"line":60,"column":39},"end":{"line":69,"column":5}},"line":60},"8":{"name":"(anonymous_8)","decl":{"start":{"line":62,"column":14},"end":{"line":62,"column":15}},"loc":{"start":{"line":62,"column":21},"end":{"line":68,"column":9}},"line":62},"9":{"name":"(anonymous_9)","decl":{"start":{"line":65,"column":23},"end":{"line":65,"column":24}},"loc":{"start":{"line":65,"column":36},"end":{"line":67,"column":13}},"line":65},"10":{"name":"(anonymous_10)","decl":{"start":{"line":71,"column":25},"end":{"line":71,"column":26}},"loc":{"start":{"line":71,"column":36},"end":{"line":73,"column":5}},"line":71},"11":{"name":"(anonymous_11)","decl":{"start":{"line":75,"column":45},"end":{"line":75,"column":46}},"loc":{"start":{"line":75,"column":56},"end":{"line":94,"column":5}},"line":75},"12":{"name":"(anonymous_12)","decl":{"start":{"line":86,"column":30},"end":{"line":86,"column":31}},"loc":{"start":{"line":86,"column":36},"end":{"line":86,"column":58}},"line":86},"13":{"name":"(anonymous_13)","decl":{"start":{"line":87,"column":32},"end":{"line":87,"column":33}},"loc":{"start":{"line":87,"column":38},"end":{"line":87,"column":62}},"line":87},"14":{"name":"(anonymous_14)","decl":{"start":{"line":88,"column":33},"end":{"line":88,"column":34}},"loc":{"start":{"line":88,"column":39},"end":{"line":88,"column":59}},"line":88},"15":{"name":"(anonymous_15)","decl":{"start":{"line":91,"column":60},"end":{"line":91,"column":61}},"loc":{"start":{"line":91,"column":66},"end":{"line":91,"column":81}},"line":91}},"branchMap":{"0":{"loc":{"start":{"line":30,"column":8},"end":{"line":34,"column":9}},"type":"if","locations":[{"start":{"line":30,"column":8},"end":{"line":34,"column":9}},{"start":{},"end":{}}],"line":30},"1":{"loc":{"start":{"line":47,"column":12},"end":{"line":54,"column":13}},"type":"if","locations":[{"start":{"line":47,"column":12},"end":{"line":54,"column":13}},{"start":{"line":51,"column":19},"end":{"line":54,"column":13}}],"line":47},"2":{"loc":{"start":{"line":51,"column":19},"end":{"line":54,"column":13}},"type":"if","locations":[{"start":{"line":51,"column":19},"end":{"line":54,"column":13}},{"start":{},"end":{}}],"line":51},"3":{"loc":{"start":{"line":99,"column":17},"end":{"line":99,"column":153}},"type":"cond-expr","locations":[{"start":{"line":99,"column":45},"end":{"line":99,"column":138}},{"start":{"line":99,"column":141},"end":{"line":99,"column":153}}],"line":99}},"s":{"0":1,"1":4,"2":4,"3":4,"4":4,"5":4,"6":0,"7":4,"8":0,"9":0,"10":0,"11":0,"12":0,"13":0,"14":0,"15":0,"16":0,"17":0,"18":0,"19":0,"20":0,"21":0,"22":0,"23":4,"24":0,"25":0,"26":0,"27":0,"28":0,"29":4,"30":0,"31":4,"32":0,"33":0,"34":0,"35":0,"36":0,"37":4},"f":{"0":4,"1":4,"2":0,"3":0,"4":0,"5":0,"6":0,"7":0,"8":0,"9":0,"10":0,"11":0,"12":0,"13":0,"14":0,"15":0},"b":{"0":[0,0],"1":[0,0],"2":[0,0],"3":[4,0]},"_coverageSchema":"1a1c01bbd47fc00a2c39e90264f33305004495a9","hash":"6fc42e36282b99b9fc879741df9ec26b1cbf607a"}
,"C:\\Users\\HP\\Desktop\\bookstore\\reactapp\\src\\Components\\Products\\Product\\Product.jsx": {"path":"C:\\Users\\HP\\Desktop\\bookstore\\reactapp\\src\\Components\\Products\\Product\\Product.jsx","statementMap":{"0":{"start":{"line":7,"column":16},"end":{"line":40,"column":1}},"1":{"start":{"line":9,"column":24},"end":{"line":9,"column":47}},"2":{"start":{"line":12,"column":4},"end":{"line":39,"column":7}}},"fnMap":{"0":{"name":"(anonymous_0)","decl":{"start":{"line":7,"column":16},"end":{"line":7,"column":17}},"loc":{"start":{"line":7,"column":27},"end":{"line":40,"column":1}},"line":7}},"branchMap":{"0":{"loc":{"start":{"line":20,"column":21},"end":{"line":22,"column":146}},"type":"cond-expr","locations":[{"start":{"line":21,"column":26},"end":{"line":21,"column":113}},{"start":{"line":22,"column":26},"end":{"line":22,"column":146}}],"line":20},"1":{"loc":{"start":{"line":28,"column":21},"end":{"line":32,"column":31}},"type":"binary-expr","locations":[{"start":{"line":28,"column":21},"end":{"line":28,"column":60}},{"start":{"line":29,"column":28},"end":{"line":32,"column":31}}],"line":28}},"s":{"0":1,"1":4,"2":3},"f":{"0":4},"b":{"0":[0,3],"1":[3,1]},"_coverageSchema":"1a1c01bbd47fc00a2c39e90264f33305004495a9","hash":"a9f94d186466e125a05ecc644f9e26da8715ac5d"}
,"C:\\Users\\HP\\Desktop\\bookstore\\reactapp\\src\\Components\\Signup\\Signup.jsx": {"path":"C:\\Users\\HP\\Desktop\\bookstore\\reactapp\\src\\Components\\Signup\\Signup.jsx","statementMap":{"0":{"start":{"line":9,"column":15},"end":{"line":159,"column":1}},"1":{"start":{"line":11,"column":24},"end":{"line":11,"column":47}},"2":{"start":{"line":13,"column":30},"end":{"line":21,"column":6}},"3":{"start":{"line":24,"column":46},"end":{"line":24,"column":58}},"4":{"start":{"line":25,"column":42},"end":{"line":25,"column":54}},"5":{"start":{"line":27,"column":27},"end":{"line":43,"column":5}},"6":{"start":{"line":28,"column":22},"end":{"line":28,"column":26}},"7":{"start":{"line":30,"column":8},"end":{"line":34,"column":9}},"8":{"start":{"line":31,"column":12},"end":{"line":31,"column":81}},"9":{"start":{"line":32,"column":12},"end":{"line":32,"column":27}},"10":{"start":{"line":33,"column":12},"end":{"line":33,"column":28}},"11":{"start":{"line":36,"column":8},"end":{"line":40,"column":9}},"12":{"start":{"line":37,"column":12},"end":{"line":37,"column":55}},"13":{"start":{"line":38,"column":12},"end":{"line":38,"column":27}},"14":{"start":{"line":39,"column":12},"end":{"line":39,"column":28}},"15":{"start":{"line":42,"column":8},"end":{"line":42,"column":23}},"16":{"start":{"line":45,"column":28},"end":{"line":66,"column":5}},"17":{"start":{"line":46,"column":8},"end":{"line":46,"column":27}},"18":{"start":{"line":48,"column":8},"end":{"line":50,"column":9}},"19":{"start":{"line":49,"column":12},"end":{"line":49,"column":19}},"20":{"start":{"line":52,"column":26},"end":{"line":52,"column":44}},"21":{"start":{"line":54,"column":8},"end":{"line":64,"column":10}},"22":{"start":{"line":56,"column":12},"end":{"line":63,"column":13}},"23":{"start":{"line":57,"column":16},"end":{"line":57,"column":38}},"24":{"start":{"line":58,"column":16},"end":{"line":58,"column":77}},"25":{"start":{"line":59,"column":16},"end":{"line":59,"column":72}},"26":{"start":{"line":60,"column":16},"end":{"line":60,"column":45}},"27":{"start":{"line":62,"column":16},"end":{"line":62,"column":68}},"28":{"start":{"line":68,"column":21},"end":{"line":75,"column":5}},"29":{"start":{"line":69,"column":8},"end":{"line":74,"column":10}},"30":{"start":{"line":70,"column":12},"end":{"line":73,"column":13}},"31":{"start":{"line":77,"column":28},"end":{"line":101,"column":5}},"32":{"start":{"line":78,"column":21},"end":{"line":78,"column":48}},"33":{"start":{"line":79,"column":22},"end":{"line":79,"column":47}},"34":{"start":{"line":81,"column":24},"end":{"line":81,"column":34}},"35":{"start":{"line":82,"column":8},"end":{"line":82,"column":32}},"36":{"start":{"line":83,"column":8},"end":{"line":83,"column":34}},"37":{"start":{"line":85,"column":8},"end":{"line":85,"column":27}},"38":{"start":{"line":87,"column":8},"end":{"line":95,"column":9}},"39":{"start":{"line":88,"column":12},"end":{"line":94,"column":13}},"40":{"start":{"line":89,"column":16},"end":{"line":89,"column":40}},"41":{"start":{"line":90,"column":19},"end":{"line":94,"column":13}},"42":{"start":{"line":91,"column":16},"end":{"line":91,"column":45}},"43":{"start":{"line":92,"column":19},"end":{"line":94,"column":13}},"44":{"start":{"line":93,"column":16},"end":{"line":93,"column":43}},"45":{"start":{"line":96,"column":8},"end":{"line":99,"column":17}},"46":{"start":{"line":97,"column":12},"end":{"line":97,"column":28}},"47":{"start":{"line":98,"column":12},"end":{"line":98,"column":33}},"48":{"start":{"line":103,"column":4},"end":{"line":107,"column":5}},"49":{"start":{"line":104,"column":8},"end":{"line":105,"column":85}},"50":{"start":{"line":105,"column":12},"end":{"line":105,"column":85}},"51":{"start":{"line":106,"column":8},"end":{"line":106,"column":33}},"52":{"start":{"line":110,"column":4},"end":{"line":158,"column":7}}},"fnMap":{"0":{"name":"(anonymous_0)","decl":{"start":{"line":9,"column":15},"end":{"line":9,"column":16}},"loc":{"start":{"line":9,"column":21},"end":{"line":159,"column":1}},"line":9},"1":{"name":"(anonymous_1)","decl":{"start":{"line":27,"column":27},"end":{"line":27,"column":28}},"loc":{"start":{"line":27,"column":33},"end":{"line":43,"column":5}},"line":27},"2":{"name":"(anonymous_2)","decl":{"start":{"line":45,"column":28},"end":{"line":45,"column":29}},"loc":{"start":{"line":45,"column":35},"end":{"line":66,"column":5}},"line":45},"3":{"name":"(anonymous_3)","decl":{"start":{"line":55,"column":14},"end":{"line":55,"column":15}},"loc":{"start":{"line":55,"column":21},"end":{"line":64,"column":9}},"line":55},"4":{"name":"(anonymous_4)","decl":{"start":{"line":68,"column":21},"end":{"line":68,"column":22}},"loc":{"start":{"line":68,"column":30},"end":{"line":75,"column":5}},"line":68},"5":{"name":"(anonymous_5)","decl":{"start":{"line":69,"column":17},"end":{"line":69,"column":18}},"loc":{"start":{"line":69,"column":30},"end":{"line":74,"column":9}},"line":69},"6":{"name":"(anonymous_6)","decl":{"start":{"line":77,"column":28},"end":{"line":77,"column":29}},"loc":{"start":{"line":77,"column":35},"end":{"line":101,"column":5}},"line":77},"7":{"name":"(anonymous_7)","decl":{"start":{"line":96,"column":19},"end":{"line":96,"column":20}},"loc":{"start":{"line":96,"column":25},"end":{"line":99,"column":9}},"line":96}},"branchMap":{"0":{"loc":{"start":{"line":30,"column":8},"end":{"line":34,"column":9}},"type":"if","locations":[{"start":{"line":30,"column":8},"end":{"line":34,"column":9}},{"start":{},"end":{}}],"line":30},"1":{"loc":{"start":{"line":30,"column":11},"end":{"line":30,"column":72}},"type":"binary-expr","locations":[{"start":{"line":30,"column":11},"end":{"line":30,"column":36}},{"start":{"line":30,"column":40},"end":{"line":30,"column":72}}],"line":30},"2":{"loc":{"start":{"line":36,"column":8},"end":{"line":40,"column":9}},"type":"if","locations":[{"start":{"line":36,"column":8},"end":{"line":40,"column":9}},{"start":{},"end":{}}],"line":36},"3":{"loc":{"start":{"line":48,"column":8},"end":{"line":50,"column":9}},"type":"if","locations":[{"start":{"line":48,"column":8},"end":{"line":50,"column":9}},{"start":{},"end":{}}],"line":48},"4":{"loc":{"start":{"line":56,"column":12},"end":{"line":63,"column":13}},"type":"if","locations":[{"start":{"line":56,"column":12},"end":{"line":63,"column":13}},{"start":{"line":61,"column":21},"end":{"line":63,"column":13}}],"line":56},"5":{"loc":{"start":{"line":87,"column":8},"end":{"line":95,"column":9}},"type":"if","locations":[{"start":{"line":87,"column":8},"end":{"line":95,"column":9}},{"start":{},"end":{}}],"line":87},"6":{"loc":{"start":{"line":88,"column":12},"end":{"line":94,"column":13}},"type":"if","locations":[{"start":{"line":88,"column":12},"end":{"line":94,"column":13}},{"start":{"line":90,"column":19},"end":{"line":94,"column":13}}],"line":88},"7":{"loc":{"start":{"line":90,"column":19},"end":{"line":94,"column":13}},"type":"if","locations":[{"start":{"line":90,"column":19},"end":{"line":94,"column":13}},{"start":{"line":92,"column":19},"end":{"line":94,"column":13}}],"line":90},"8":{"loc":{"start":{"line":90,"column":22},"end":{"line":90,"column":59}},"type":"binary-expr","locations":[{"start":{"line":90,"column":22},"end":{"line":90,"column":39}},{"start":{"line":90,"column":43},"end":{"line":90,"column":59}}],"line":90},"9":{"loc":{"start":{"line":92,"column":19},"end":{"line":94,"column":13}},"type":"if","locations":[{"start":{"line":92,"column":19},"end":{"line":94,"column":13}},{"start":{},"end":{}}],"line":92},"10":{"loc":{"start":{"line":103,"column":4},"end":{"line":107,"column":5}},"type":"if","locations":[{"start":{"line":103,"column":4},"end":{"line":107,"column":5}},{"start":{},"end":{}}],"line":103},"11":{"loc":{"start":{"line":104,"column":8},"end":{"line":105,"column":85}},"type":"if","locations":[{"start":{"line":104,"column":8},"end":{"line":105,"column":85}},{"start":{},"end":{}}],"line":104},"12":{"loc":{"start":{"line":129,"column":82},"end":{"line":129,"column":117}},"type":"cond-expr","locations":[{"start":{"line":129,"column":97},"end":{"line":129,"column":106}},{"start":{"line":129,"column":109},"end":{"line":129,"column":117}}],"line":129},"13":{"loc":{"start":{"line":151,"column":71},"end":{"line":151,"column":150}},"type":"cond-expr","locations":[{"start":{"line":151,"column":92},"end":{"line":151,"column":140}},{"start":{"line":151,"column":143},"end":{"line":151,"column":150}}],"line":151},"14":{"loc":{"start":{"line":151,"column":92},"end":{"line":151,"column":140}},"type":"cond-expr","locations":[{"start":{"line":151,"column":120},"end":{"line":151,"column":129}},{"start":{"line":151,"column":132},"end":{"line":151,"column":140}}],"line":151}},"s":{"0":1,"1":8,"2":7,"3":7,"4":7,"5":7,"6":0,"7":0,"8":0,"9":0,"10":0,"11":0,"12":0,"13":0,"14":0,"15":0,"16":7,"17":0,"18":0,"19":0,"20":0,"21":0,"22":0,"23":0,"24":0,"25":0,"26":0,"27":0,"28":7,"29":0,"30":0,"31":7,"32":6,"33":6,"34":6,"35":6,"36":6,"37":6,"38":6,"39":1,"40":0,"41":1,"42":0,"43":1,"44":1,"45":6,"46":0,"47":0,"48":7,"49":0,"50":0,"51":0,"52":7},"f":{"0":8,"1":0,"2":0,"3":0,"4":0,"5":0,"6":6,"7":0},"b":{"0":[0,0],"1":[0,0],"2":[0,0],"3":[0,0],"4":[0,0],"5":[1,5],"6":[0,1],"7":[0,1],"8":[1,1],"9":[1,0],"10":[0,7],"11":[0,0],"12":[0,7],"13":[7,0],"14":[1,6]},"_coverageSchema":"1a1c01bbd47fc00a2c39e90264f33305004495a9","hash":"4b0bd4dad62149941738541f817bbe212078c504"}
,"C:\\Users\\HP\\Desktop\\bookstore\\reactapp\\src\\Components\\UI\\Alert\\Alert.jsx": {"path":"C:\\Users\\HP\\Desktop\\bookstore\\reactapp\\src\\Components\\UI\\Alert\\Alert.jsx","statementMap":{"0":{"start":{"line":3,"column":14},"end":{"line":12,"column":1}},"1":{"start":{"line":4,"column":4},"end":{"line":11,"column":7}}},"fnMap":{"0":{"name":"(anonymous_0)","decl":{"start":{"line":3,"column":14},"end":{"line":3,"column":15}},"loc":{"start":{"line":3,"column":50},"end":{"line":12,"column":1}},"line":3}},"branchMap":{"0":{"loc":{"start":{"line":6,"column":43},"end":{"line":6,"column":73}},"type":"cond-expr","locations":[{"start":{"line":6,"column":53},"end":{"line":6,"column":62}},{"start":{"line":6,"column":65},"end":{"line":6,"column":73}}],"line":6}},"s":{"0":1,"1":0},"f":{"0":0},"b":{"0":[0,0]},"_coverageSchema":"1a1c01bbd47fc00a2c39e90264f33305004495a9","hash":"3814ce1ea089084b0c7360ac10d940bf9d3804ef"}
,"C:\\Users\\HP\\Desktop\\bookstore\\reactapp\\src\\Components\\UI\\Spinner\\Spinner.jsx": {"path":"C:\\Users\\HP\\Desktop\\bookstore\\reactapp\\src\\Components\\UI\\Spinner\\Spinner.jsx","statementMap":{"0":{"start":{"line":3,"column":20},"end":{"line":6,"column":1}},"1":{"start":{"line":9,"column":16},"end":{"line":17,"column":1}},"2":{"start":{"line":10,"column":4},"end":{"line":16,"column":7}}},"fnMap":{"0":{"name":"(anonymous_0)","decl":{"start":{"line":9,"column":16},"end":{"line":9,"column":17}},"loc":{"start":{"line":9,"column":29},"end":{"line":17,"column":1}},"line":9}},"branchMap":{},"s":{"0":1,"1":1,"2":0},"f":{"0":0},"b":{},"_coverageSchema":"1a1c01bbd47fc00a2c39e90264f33305004495a9","hash":"7b44e941de2f38f3939bb0b29d592e8cb03fba67"}
,"C:\\Users\\HP\\Desktop\\bookstore\\reactapp\\src\\Components\\hoc\\WithContext.jsx": {"path":"C:\\Users\\HP\\Desktop\\bookstore\\reactapp\\src\\Components\\hoc\\WithContext.jsx","statementMap":{"0":{"start":{"line":4,"column":20},"end":{"line":14,"column":1}},"1":{"start":{"line":5,"column":4},"end":{"line":13,"column":5}},"2":{"start":{"line":6,"column":8},"end":{"line":12,"column":9}},"3":{"start":{"line":9,"column":31},"end":{"line":9,"column":55}}},"fnMap":{"0":{"name":"(anonymous_0)","decl":{"start":{"line":4,"column":20},"end":{"line":4,"column":21}},"loc":{"start":{"line":4,"column":33},"end":{"line":14,"column":1}},"line":4},"1":{"name":"(anonymous_1)","decl":{"start":{"line":5,"column":11},"end":{"line":5,"column":12}},"loc":{"start":{"line":5,"column":20},"end":{"line":13,"column":5}},"line":5},"2":{"name":"(anonymous_2)","decl":{"start":{"line":9,"column":20},"end":{"line":9,"column":21}},"loc":{"start":{"line":9,"column":31},"end":{"line":9,"column":55}},"line":9}},"branchMap":{},"s":{"0":1,"1":0,"2":0,"3":0},"f":{"0":0,"1":0,"2":0},"b":{},"_coverageSchema":"1a1c01bbd47fc00a2c39e90264f33305004495a9","hash":"93b99fc2e29009e7f2cc974ea607189e7551e346"}
}
