TN:
SF:src\App.js
FN:11,(anonymous_0)
FN:26,(anonymous_1)
FN:48,(anonymous_2)
FN:60,(anonymous_3)
FN:72,(anonymous_4)
FNF:5
FNH:2
FNDA:1,(anonymous_0)
FNDA:1,(anonymous_1)
FNDA:0,(anonymous_2)
FNDA:0,(anonymous_3)
FNDA:0,(anonymous_4)
DA:11,1
DA:13,1
DA:14,1
DA:18,1
DA:26,1
DA:28,1
DA:29,1
DA:30,1
DA:31,1
DA:32,1
DA:34,0
DA:35,0
DA:36,0
DA:44,0
DA:48,1
DA:49,0
DA:50,0
DA:51,0
DA:52,0
DA:54,0
DA:55,0
DA:56,0
DA:57,0
DA:60,1
DA:62,0
DA:64,0
DA:65,0
DA:66,0
DA:67,0
DA:68,0
DA:69,0
DA:72,1
DA:73,0
DA:74,0
DA:78,0
DA:79,0
DA:83,0
DA:84,0
DA:88,0
DA:89,0
DA:94,0
DA:101,1
LF:42
LH:14
BRDA:28,0,0,1
BRDA:28,0,1,0
BRDA:35,1,0,0
BRDA:35,1,1,0
BRDA:48,2,0,0
BRDA:73,3,0,0
BRDA:73,3,1,0
BRDA:78,4,0,0
BRDA:78,4,1,0
BRDA:83,5,0,0
BRDA:83,5,1,0
BRDA:88,6,0,0
BRDA:88,6,1,0
BRF:13
BRH:1
end_of_record
TN:
SF:src\index.js
FNF:0
FNH:0
DA:9,0
DA:21,0
LF:2
LH:0
BRF:0
BRH:0
end_of_record
TN:
SF:src\test.js
FNF:0
FNH:0
LF:0
LH:0
BRF:0
BRH:0
end_of_record
TN:
SF:src\Components\API\api.jsx
FN:2,(anonymous_0)
FNF:1
FNH:1
FNDA:6,(anonymous_0)
DA:1,1
DA:2,1
DA:4,6
LF:3
LH:3
BRF:0
BRH:0
end_of_record
TN:
SF:src\Components\AddProduct\AddProduct.jsx
FN:9,(anonymous_0)
FN:23,(anonymous_1)
FN:33,(anonymous_2)
FN:38,(anonymous_3)
FNF:4
FNH:1
FNDA:1,(anonymous_0)
FNDA:0,(anonymous_1)
FNDA:0,(anonymous_2)
FNDA:0,(anonymous_3)
DA:9,1
DA:11,1
DA:19,1
DA:21,1
DA:23,1
DA:24,0
DA:25,0
DA:27,0
DA:28,0
DA:30,0
DA:33,1
DA:34,0
DA:35,0
DA:37,0
DA:39,0
DA:40,0
DA:41,0
DA:43,0
DA:49,1
LF:19
LH:7
BRDA:39,0,0,0
BRDA:39,0,1,0
BRF:2
BRH:0
end_of_record
TN:
SF:src\Components\Authentication\AuthContext.jsx
FNF:0
FNH:0
DA:3,1
LF:1
LH:1
BRF:0
BRH:0
end_of_record
TN:
SF:src\Components\Cart\Cart.jsx
FN:7,(anonymous_0)
FN:19,(anonymous_1)
FN:21,(anonymous_2)
FN:22,(anonymous_3)
FN:26,(anonymous_4)
FN:30,(anonymous_5)
FN:37,(anonymous_6)
FN:41,(anonymous_7)
FN:43,(anonymous_8)
FN:47,(anonymous_9)
FN:49,(anonymous_10)
FN:74,(anonymous_11)
FN:80,(anonymous_12)
FNF:13
FNH:2
FNDA:2,(anonymous_0)
FNDA:0,(anonymous_1)
FNDA:0,(anonymous_2)
FNDA:0,(anonymous_3)
FNDA:0,(anonymous_4)
FNDA:0,(anonymous_5)
FNDA:0,(anonymous_6)
FNDA:0,(anonymous_7)
FNDA:0,(anonymous_8)
FNDA:1,(anonymous_9)
FNDA:0,(anonymous_10)
FNDA:0,(anonymous_11)
FNDA:0,(anonymous_12)
DA:7,1
DA:9,2
DA:13,1
DA:15,1
DA:17,1
DA:19,1
DA:20,0
DA:22,0
DA:26,1
DA:28,0
DA:30,0
DA:31,0
DA:32,0
DA:33,0
DA:36,0
DA:38,0
DA:40,0
DA:42,0
DA:43,0
DA:47,1
DA:48,1
DA:50,0
DA:51,0
DA:58,1
DA:75,0
DA:80,0
LF:26
LH:10
BRDA:50,0,0,0
BRDA:50,0,1,0
BRDA:72,1,0,1
BRDA:72,1,1,1
BRF:4
BRH:2
end_of_record
TN:
SF:src\Components\EditProduct\EditProduct.jsx
FN:10,(anonymous_0)
FN:26,(anonymous_1)
FN:36,(anonymous_2)
FN:41,(anonymous_3)
FN:51,(anonymous_4)
FNF:5
FNH:2
FNDA:2,(anonymous_0)
FNDA:0,(anonymous_1)
FNDA:0,(anonymous_2)
FNDA:0,(anonymous_3)
FNDA:2,(anonymous_4)
DA:10,1
DA:12,2
DA:14,2
DA:22,2
DA:24,2
DA:26,2
DA:27,0
DA:28,0
DA:30,0
DA:31,0
DA:33,0
DA:36,2
DA:37,0
DA:38,0
DA:40,0
DA:42,0
DA:43,0
DA:44,0
DA:46,0
DA:51,2
DA:53,2
DA:54,2
DA:55,2
DA:58,2
DA:59,0
DA:62,2
DA:64,2
DA:72,2
DA:80,2
LF:29
LH:16
BRDA:42,0,0,0
BRDA:42,0,1,0
BRDA:53,1,0,2
BRDA:53,1,1,0
BRDA:58,2,0,0
BRDA:58,2,1,2
BRF:6
BRH:2
end_of_record
TN:
SF:src\Components\Home\Home.jsx
FN:3,(anonymous_0)
FNF:1
FNH:0
FNDA:0,(anonymous_0)
DA:2,0
DA:4,0
LF:2
LH:0
BRF:0
BRH:0
end_of_record
TN:
SF:src\Components\Login\Login.jsx
FN:9,(anonymous_0)
FN:30,(anonymous_1)
FN:33,(anonymous_2)
FN:43,(anonymous_3)
FN:53,(anonymous_4)
FN:59,(anonymous_5)
FN:68,(anonymous_6)
FN:73,(anonymous_7)
FN:74,(anonymous_8)
FN:82,(anonymous_9)
FNF:10
FNH:2
FNDA:3,(anonymous_0)
FNDA:0,(anonymous_1)
FNDA:0,(anonymous_2)
FNDA:0,(anonymous_3)
FNDA:0,(anonymous_4)
FNDA:0,(anonymous_5)
FNDA:0,(anonymous_6)
FNDA:0,(anonymous_7)
FNDA:0,(anonymous_8)
FNDA:2,(anonymous_9)
DA:9,1
DA:11,3
DA:12,3
DA:15,3
DA:21,3
DA:22,3
DA:24,3
DA:25,0
DA:26,0
DA:27,0
DA:30,3
DA:31,0
DA:32,0
DA:33,0
DA:34,0
DA:39,0
DA:40,0
DA:41,0
DA:42,0
DA:43,0
DA:44,0
DA:53,3
DA:54,0
DA:55,0
DA:58,0
DA:60,0
DA:61,0
DA:62,0
DA:63,0
DA:65,0
DA:69,0
DA:73,3
DA:74,0
DA:75,0
DA:82,3
DA:83,2
DA:84,2
DA:86,2
DA:87,2
DA:88,2
DA:90,2
DA:92,2
DA:93,0
DA:94,0
DA:95,0
DA:96,0
DA:97,0
DA:98,0
DA:105,3
LF:49
LH:19
BRDA:24,0,0,0
BRDA:24,0,1,3
BRDA:25,1,0,0
BRDA:25,1,1,0
BRDA:31,2,0,0
BRDA:31,2,1,0
BRDA:31,3,0,0
BRDA:31,3,1,0
BRDA:39,4,0,0
BRDA:39,4,1,0
BRDA:39,5,0,0
BRDA:39,5,1,0
BRDA:60,6,0,0
BRDA:60,6,1,0
BRDA:92,7,0,0
BRDA:92,7,1,2
BRDA:93,8,0,0
BRDA:93,8,1,0
BRDA:95,9,0,0
BRDA:95,9,1,0
BRDA:95,10,0,0
BRDA:95,10,1,0
BRDA:97,11,0,0
BRDA:97,11,1,0
BRDA:113,12,0,3
BRDA:113,12,1,0
BRDA:113,13,0,1
BRDA:113,13,1,2
BRF:28
BRH:5
end_of_record
TN:
SF:src\Components\Logout\Logout.jsx
FN:11,(anonymous_0)
FN:13,(anonymous_1)
FN:18,(anonymous_2)
FNF:3
FNH:0
FNDA:0,(anonymous_0)
FNDA:0,(anonymous_1)
FNDA:0,(anonymous_2)
DA:7,0
DA:12,0
DA:13,0
DA:14,0
DA:18,0
DA:20,0
LF:6
LH:0
BRDA:14,0,0,0
BRDA:14,0,1,0
BRF:2
BRH:0
end_of_record
TN:
SF:src\Components\Navbar\Navbar.jsx
FN:16,(anonymous_0)
FN:21,(anonymous_1)
FN:49,(anonymous_2)
FN:69,(anonymous_3)
FN:70,(anonymous_4)
FN:71,(anonymous_5)
FN:72,(anonymous_6)
FN:73,(anonymous_7)
FN:74,(anonymous_8)
FN:75,(anonymous_9)
FNF:10
FNH:3
FNDA:4,(anonymous_0)
FNDA:4,(anonymous_1)
FNDA:0,(anonymous_2)
FNDA:4,(anonymous_3)
FNDA:0,(anonymous_4)
FNDA:0,(anonymous_5)
FNDA:0,(anonymous_6)
FNDA:0,(anonymous_7)
FNDA:0,(anonymous_8)
FNDA:0,(anonymous_9)
DA:16,1
DA:18,4
DA:19,4
DA:21,4
DA:22,4
DA:25,4
DA:49,0
DA:69,4
DA:70,0
DA:71,0
DA:72,0
DA:73,0
DA:74,0
DA:75,0
LF:14
LH:7
BRDA:40,0,0,4
BRDA:40,0,1,1
BRDA:49,1,0,2
BRDA:49,1,1,2
BRDA:49,2,0,2
BRDA:49,2,1,2
BRDA:52,3,0,4
BRDA:52,3,1,3
BRDA:52,3,2,2
BRF:9
BRH:9
end_of_record
TN:
SF:src\Components\Orders\Orders.jsx
FN:6,(anonymous_0)
FN:18,(anonymous_1)
FN:20,(anonymous_2)
FN:27,(anonymous_3)
FN:29,(anonymous_4)
FN:31,(anonymous_5)
FN:35,(anonymous_6)
FNF:7
FNH:2
FNDA:1,(anonymous_0)
FNDA:1,(anonymous_1)
FNDA:0,(anonymous_2)
FNDA:0,(anonymous_3)
FNDA:0,(anonymous_4)
FNDA:0,(anonymous_5)
FNDA:0,(anonymous_6)
DA:6,1
DA:8,1
DA:12,1
DA:14,1
DA:16,1
DA:18,1
DA:19,1
DA:21,0
DA:22,0
DA:27,1
DA:28,0
DA:30,0
DA:31,0
DA:35,1
DA:37,0
DA:52,1
LF:16
LH:10
BRDA:21,0,0,0
BRDA:21,0,1,0
BRDA:55,1,0,1
BRDA:55,1,1,0
BRDA:58,2,0,1
BRDA:58,2,1,1
BRDA:58,2,2,0
BRDA:64,3,0,1
BRDA:64,3,1,0
BRF:9
BRH:4
end_of_record
TN:
SF:src\Components\PrivateRoute\PrivateRoute.jsx
FN:6,(anonymous_0)
FN:11,(anonymous_1)
FNF:2
FNH:0
FNDA:0,(anonymous_0)
FNDA:0,(anonymous_1)
DA:6,1
DA:8,0
DA:9,0
DA:11,0
DA:12,0
LF:5
LH:1
BRDA:12,0,0,0
BRDA:12,0,1,0
BRF:2
BRH:0
end_of_record
TN:
SF:src\Components\Products\Products.jsx
FN:11,(anonymous_0)
FN:21,(anonymous_1)
FN:23,(anonymous_2)
FN:28,(anonymous_3)
FN:28,(anonymous_4)
FN:46,(anonymous_5)
FN:53,(anonymous_6)
FN:60,(anonymous_7)
FN:62,(anonymous_8)
FN:65,(anonymous_9)
FN:71,(anonymous_10)
FN:75,(anonymous_11)
FN:86,(anonymous_12)
FN:87,(anonymous_13)
FN:88,(anonymous_14)
FN:91,(anonymous_15)
FNF:16
FNH:2
FNDA:4,(anonymous_0)
FNDA:4,(anonymous_1)
FNDA:0,(anonymous_2)
FNDA:0,(anonymous_3)
FNDA:0,(anonymous_4)
FNDA:0,(anonymous_5)
FNDA:0,(anonymous_6)
FNDA:0,(anonymous_7)
FNDA:0,(anonymous_8)
FNDA:0,(anonymous_9)
FNDA:0,(anonymous_10)
FNDA:0,(anonymous_11)
FNDA:0,(anonymous_12)
FNDA:0,(anonymous_13)
FNDA:0,(anonymous_14)
FNDA:0,(anonymous_15)
DA:11,1
DA:12,4
DA:16,4
DA:19,4
DA:21,4
DA:22,4
DA:24,0
DA:28,4
DA:30,0
DA:31,0
DA:32,0
DA:33,0
DA:35,0
DA:37,0
DA:45,0
DA:47,0
DA:48,0
DA:49,0
DA:51,0
DA:52,0
DA:53,0
DA:60,4
DA:61,0
DA:63,0
DA:64,0
DA:65,0
DA:66,0
DA:71,4
DA:72,0
DA:75,4
DA:76,0
DA:86,0
DA:87,0
DA:88,0
DA:91,0
DA:96,4
LF:36
LH:11
BRDA:30,0,0,0
BRDA:30,0,1,0
BRDA:47,1,0,0
BRDA:47,1,1,0
BRDA:51,2,0,0
BRDA:51,2,1,0
BRDA:99,3,0,4
BRDA:99,3,1,0
BRF:8
BRH:1
end_of_record
TN:
SF:src\Components\Products\Product\Product.jsx
FN:7,(anonymous_0)
FNF:1
FNH:1
FNDA:4,(anonymous_0)
DA:7,1
DA:9,4
DA:12,3
LF:3
LH:3
BRDA:20,0,0,0
BRDA:20,0,1,3
BRDA:28,1,0,3
BRDA:28,1,1,1
BRF:4
BRH:3
end_of_record
TN:
SF:src\Components\Signup\Signup.jsx
FN:9,(anonymous_0)
FN:27,(anonymous_1)
FN:45,(anonymous_2)
FN:55,(anonymous_3)
FN:68,(anonymous_4)
FN:69,(anonymous_5)
FN:77,(anonymous_6)
FN:96,(anonymous_7)
FNF:8
FNH:2
FNDA:8,(anonymous_0)
FNDA:0,(anonymous_1)
FNDA:0,(anonymous_2)
FNDA:0,(anonymous_3)
FNDA:0,(anonymous_4)
FNDA:0,(anonymous_5)
FNDA:6,(anonymous_6)
FNDA:0,(anonymous_7)
DA:9,1
DA:11,8
DA:13,7
DA:24,7
DA:25,7
DA:27,7
DA:28,0
DA:30,0
DA:31,0
DA:32,0
DA:33,0
DA:36,0
DA:37,0
DA:38,0
DA:39,0
DA:42,0
DA:45,7
DA:46,0
DA:48,0
DA:49,0
DA:52,0
DA:54,0
DA:56,0
DA:57,0
DA:58,0
DA:59,0
DA:60,0
DA:62,0
DA:68,7
DA:69,0
DA:70,0
DA:77,7
DA:78,6
DA:79,6
DA:81,6
DA:82,6
DA:83,6
DA:85,6
DA:87,6
DA:88,1
DA:89,0
DA:90,1
DA:91,0
DA:92,1
DA:93,1
DA:96,6
DA:97,0
DA:98,0
DA:103,7
DA:104,0
DA:105,0
DA:106,0
DA:110,7
LF:53
LH:23
BRDA:30,0,0,0
BRDA:30,0,1,0
BRDA:30,1,0,0
BRDA:30,1,1,0
BRDA:36,2,0,0
BRDA:36,2,1,0
BRDA:48,3,0,0
BRDA:48,3,1,0
BRDA:56,4,0,0
BRDA:56,4,1,0
BRDA:87,5,0,1
BRDA:87,5,1,5
BRDA:88,6,0,0
BRDA:88,6,1,1
BRDA:90,7,0,0
BRDA:90,7,1,1
BRDA:90,8,0,1
BRDA:90,8,1,1
BRDA:92,9,0,1
BRDA:92,9,1,0
BRDA:103,10,0,0
BRDA:103,10,1,7
BRDA:104,11,0,0
BRDA:104,11,1,0
BRDA:129,12,0,0
BRDA:129,12,1,7
BRDA:151,13,0,7
BRDA:151,13,1,0
BRDA:151,14,0,1
BRDA:151,14,1,6
BRF:30
BRH:12
end_of_record
TN:
SF:src\Components\UI\Alert\Alert.jsx
FN:3,(anonymous_0)
FNF:1
FNH:0
FNDA:0,(anonymous_0)
DA:3,1
DA:4,0
LF:2
LH:1
BRDA:6,0,0,0
BRDA:6,0,1,0
BRF:2
BRH:0
end_of_record
TN:
SF:src\Components\UI\Spinner\Spinner.jsx
FN:9,(anonymous_0)
FNF:1
FNH:0
FNDA:0,(anonymous_0)
DA:3,1
DA:9,1
DA:10,0
LF:3
LH:2
BRF:0
BRH:0
end_of_record
TN:
SF:src\Components\hoc\WithContext.jsx
FN:4,(anonymous_0)
FN:5,(anonymous_1)
FN:9,(anonymous_2)
FNF:3
FNH:0
FNDA:0,(anonymous_0)
FNDA:0,(anonymous_1)
FNDA:0,(anonymous_2)
DA:4,1
DA:5,0
DA:6,0
DA:9,0
LF:4
LH:1
BRF:0
BRH:0
end_of_record
